Arguments: 
  /usr/local/Cellar/node@10/10.15.3/bin/node /Users/ninjamate/.yarn/bin/yarn.js

PATH: 
  /Users/ninjamate/google-cloud-sdk/bin:/usr/local/opt/node@10/bin:/Users/ninjamate/.yarn/bin:/Users/ninjamate/.config/yarn/global/node_modules/.bin:/usr/local/bin:/usr/bin:/bin:/usr/sbin:/sbin:/Applications/Wireshark.app/Contents/MacOS:/Applications/Postgres.app/Contents/Versions/latest/bin:/Users/ninjamate/google-cloud-sdk/bin:/usr/local/opt/node@10/bin:/Users/ninjamate/.yarn/bin:/Users/ninjamate/.config/yarn/global/node_modules/.bin

Yarn version: 
  1.17.3

Node version: 
  10.15.3

Platform: 
  darwin x64

Trace: 
  SyntaxError: /Users/ninjamate/Documents/projects/simple_project/package.json: Unexpected token } in JSON at position 412
      at JSON.parse (<anonymous>)
      at /Users/ninjamate/.yarn/lib/cli.js:1625:59
      at Generator.next (<anonymous>)
      at step (/Users/ninjamate/.yarn/lib/cli.js:304:30)
      at /Users/ninjamate/.yarn/lib/cli.js:315:13

npm manifest: 
  {
    "author": "Victor Zadorozhnyy",
    "name": "s_pro",
    "version": "1.0.0",
    "main": "index.js",
    "license": "MIT",
    "description": "Quickly create an opinionated react structure",
    "bin": "index.js",
    "scripts": {
      "start": "node index.js"
    },
    "keywords": [
      "js"
    ],
    "dependencies": {
      "async": "^3.1.0",
      "inquirer": "^6.3.1",
      "nodegit": "^0.26.2",
      "shell-exec": "^1.0.2"
    },
  }

yarn manifest: 
  No manifest

Lockfile: 
  No lockfile
